TN:
SF:app.js
FN:12,(anonymous_0)
FNF:1
FNH:1
FNDA:1,(anonymous_0)
DA:5,1
DA:6,1
DA:7,1
DA:9,1
DA:10,1
DA:12,1
DA:13,1
DA:16,1
LF:8
LH:8
BRF:0
BRH:0
end_of_record
TN:
SF:routes.js
FNF:0
FNH:0
DA:3,1
DA:4,1
DA:11,1
DA:13,1
DA:14,1
DA:15,1
DA:16,1
DA:17,1
DA:19,1
LF:9
LH:9
BRF:0
BRH:0
end_of_record
TN:
SF:controllers/index.js
FN:15,(anonymous_0)
FN:39,(anonymous_1)
FN:46,(anonymous_2)
FN:102,(anonymous_3)
FN:114,(anonymous_4)
FN:126,(anonymous_5)
FN:138,(anonymous_6)
FN:153,(anonymous_7)
FN:157,(anonymous_8)
FN:161,(anonymous_9)
FNF:10
FNH:7
FNDA:3,(anonymous_0)
FNDA:15,(anonymous_1)
FNDA:3,(anonymous_2)
FNDA:2,(anonymous_3)
FNDA:10,(anonymous_4)
FNDA:4,(anonymous_5)
FNDA:8,(anonymous_6)
FNDA:0,(anonymous_7)
FNDA:0,(anonymous_8)
FNDA:0,(anonymous_9)
DA:13,1
DA:15,1
DA:16,3
DA:17,3
DA:18,3
DA:19,3
DA:20,3
DA:21,3
DA:31,3
DA:32,1
DA:33,2
DA:34,1
DA:36,1
DA:38,3
DA:39,3
DA:40,15
DA:41,15
DA:42,15
DA:46,3
DA:49,3
DA:50,3
DA:51,3
DA:102,1
DA:103,2
DA:104,2
DA:112,2
DA:113,2
DA:114,2
DA:115,10
DA:116,10
DA:124,2
DA:125,2
DA:126,2
DA:127,4
DA:128,4
DA:136,2
DA:137,2
DA:138,2
DA:139,8
DA:140,8
DA:146,2
DA:147,2
DA:148,2
DA:149,2
DA:150,2
DA:153,1
DA:154,0
DA:157,1
DA:161,1
LF:49
LH:48
BRDA:16,0,0,3
BRDA:16,0,1,3
BRDA:17,1,0,3
BRDA:17,1,1,3
BRDA:18,2,0,1
BRDA:18,2,1,2
BRDA:31,3,0,1
BRDA:31,3,1,2
BRDA:33,4,0,1
BRDA:33,4,1,1
BRF:10
BRH:10
end_of_record
TN:
SF:db/index.js
FN:57,(anonymous_0)
FNF:1
FNH:1
FNDA:24,(anonymous_0)
DA:46,1
DA:48,1
DA:56,1
DA:58,24
DA:59,24
DA:60,24
DA:61,24
DA:62,24
LF:8
LH:8
BRF:0
BRH:0
end_of_record
TN:
SF:models/index.js
FN:6,(anonymous_0)
FN:17,(anonymous_1)
FN:28,(anonymous_2)
FN:52,(anonymous_3)
FN:61,(anonymous_4)
FN:70,(anonymous_5)
FN:79,(anonymous_6)
FN:90,(anonymous_7)
FNF:8
FNH:7
FNDA:1,(anonymous_0)
FNDA:1,(anonymous_1)
FNDA:1,(anonymous_2)
FNDA:15,(anonymous_3)
FNDA:2,(anonymous_4)
FNDA:2,(anonymous_5)
FNDA:2,(anonymous_6)
FNDA:0,(anonymous_7)
DA:4,1
DA:6,1
DA:7,1
DA:13,1
DA:14,1
DA:17,1
DA:18,1
DA:24,1
DA:25,1
DA:28,1
DA:29,1
DA:39,1
DA:40,1
DA:52,1
DA:53,15
DA:56,15
DA:57,15
DA:61,1
DA:62,2
DA:66,2
DA:67,2
DA:70,1
DA:71,2
DA:75,2
DA:76,2
DA:79,1
DA:80,2
DA:86,2
DA:87,2
DA:90,1
DA:91,0
LF:31
LH:30
BRF:0
BRH:0
end_of_record
