TN:
SF:app.js
FN:12,(anonymous_0)
FNF:1
FNH:1
FNDA:1,(anonymous_0)
DA:5,1
DA:6,1
DA:7,1
DA:9,1
DA:10,1
DA:12,1
DA:13,1
DA:16,1
LF:8
LH:8
BRF:0
BRH:0
end_of_record
TN:
SF:routes.js
FNF:0
FNH:0
DA:3,1
DA:4,1
DA:11,1
DA:13,1
DA:14,1
DA:15,1
DA:17,1
DA:18,1
DA:20,1
LF:9
LH:9
BRF:0
BRH:0
end_of_record
TN:
SF:controllers/index.js
FN:16,(anonymous_0)
FN:40,(anonymous_1)
FN:47,(anonymous_2)
FN:103,(anonymous_3)
FN:115,(anonymous_4)
FN:127,(anonymous_5)
FN:139,(anonymous_6)
FN:154,(anonymous_7)
FN:157,(anonymous_8)
FN:160,(anonymous_9)
FN:166,(anonymous_10)
FN:169,(anonymous_11)
FN:173,(anonymous_12)
FN:179,(anonymous_13)
FN:182,(anonymous_14)
FN:186,(anonymous_15)
FNF:16
FNH:9
FNDA:3,(anonymous_0)
FNDA:15,(anonymous_1)
FNDA:3,(anonymous_2)
FNDA:2,(anonymous_3)
FNDA:10,(anonymous_4)
FNDA:4,(anonymous_5)
FNDA:8,(anonymous_6)
FNDA:1,(anonymous_7)
FNDA:1,(anonymous_8)
FNDA:0,(anonymous_9)
FNDA:0,(anonymous_10)
FNDA:0,(anonymous_11)
FNDA:0,(anonymous_12)
FNDA:0,(anonymous_13)
FNDA:0,(anonymous_14)
FNDA:0,(anonymous_15)
DA:14,1
DA:16,1
DA:17,3
DA:18,3
DA:19,3
DA:20,3
DA:21,3
DA:22,3
DA:32,3
DA:33,1
DA:34,2
DA:35,1
DA:37,1
DA:39,3
DA:40,3
DA:41,15
DA:42,15
DA:43,15
DA:47,3
DA:50,3
DA:51,3
DA:52,3
DA:103,1
DA:104,2
DA:105,2
DA:113,2
DA:114,2
DA:115,2
DA:116,10
DA:117,10
DA:125,2
DA:126,2
DA:127,2
DA:128,4
DA:129,4
DA:137,2
DA:138,2
DA:139,2
DA:140,8
DA:141,8
DA:147,2
DA:148,2
DA:149,2
DA:150,2
DA:151,2
DA:154,1
DA:155,1
DA:156,1
DA:158,1
DA:161,0
DA:162,0
DA:166,1
DA:167,0
DA:168,0
DA:170,0
DA:171,0
DA:174,0
DA:175,0
DA:179,1
DA:180,0
DA:181,0
DA:183,0
DA:184,0
DA:187,0
DA:188,0
LF:65
LH:51
BRDA:17,0,0,3
BRDA:17,0,1,3
BRDA:18,1,0,3
BRDA:18,1,1,3
BRDA:19,2,0,1
BRDA:19,2,1,2
BRDA:32,3,0,1
BRDA:32,3,1,2
BRDA:34,4,0,1
BRDA:34,4,1,1
BRF:10
BRH:10
end_of_record
TN:
SF:db/index.js
FN:57,(anonymous_0)
FNF:1
FNH:1
FNDA:33,(anonymous_0)
DA:46,1
DA:48,1
DA:56,1
DA:58,33
DA:59,33
DA:60,26
DA:61,26
DA:62,26
LF:8
LH:8
BRF:0
BRH:0
end_of_record
TN:
SF:models/index.js
FN:12,(anonymous_0)
FN:23,(anonymous_1)
FN:34,(anonymous_2)
FN:58,(anonymous_3)
FN:67,(anonymous_4)
FN:76,(anonymous_5)
FN:85,(anonymous_6)
FN:96,(anonymous_7)
FN:113,(anonymous_8)
FN:120,(anonymous_9)
FN:182,(anonymous_10)
FN:188,(anonymous_11)
FNF:12
FNH:10
FNDA:1,(anonymous_0)
FNDA:1,(anonymous_1)
FNDA:1,(anonymous_2)
FNDA:15,(anonymous_3)
FNDA:2,(anonymous_4)
FNDA:2,(anonymous_5)
FNDA:2,(anonymous_6)
FNDA:1,(anonymous_7)
FNDA:3,(anonymous_8)
FNDA:4,(anonymous_9)
FNDA:0,(anonymous_10)
FNDA:0,(anonymous_11)
DA:10,1
DA:12,1
DA:13,1
DA:19,1
DA:20,1
DA:23,1
DA:24,1
DA:30,1
DA:31,1
DA:34,1
DA:35,1
DA:45,1
DA:46,1
DA:58,1
DA:59,15
DA:62,15
DA:63,15
DA:67,1
DA:68,2
DA:72,2
DA:73,2
DA:76,1
DA:77,2
DA:81,2
DA:82,2
DA:85,1
DA:86,2
DA:92,2
DA:93,2
DA:96,1
DA:105,1
DA:108,1
DA:109,1
DA:110,1
DA:113,1
DA:114,3
DA:115,3
DA:116,3
DA:117,3
DA:120,1
DA:121,4
DA:122,4
DA:123,4
DA:124,4
DA:125,4
DA:126,4
DA:182,1
DA:183,0
DA:184,0
DA:185,0
DA:188,1
DA:189,0
DA:190,0
DA:191,0
LF:54
LH:48
BRF:0
BRH:0
end_of_record
